[0912/225712.576:ERROR:process_reader_win.cc(242)] ReadMemory at 0x7ffd33390000 of 64 bytes failed: Only part of a ReadProcessMemory or WriteProcessMemory request was completed. (0x12B)
[0912/225712.605:WARNING:pe_image_reader.cc(302)] could not read dos header from C:\Windows\SYSTEM32\WINMM.dll
[0912/225712.606:ERROR:process_reader_win.cc(242)] ReadMemory at 0x7ffd39470000 of 64 bytes failed: Only part of a ReadProcessMemory or WriteProcessMemory request was completed. (0x12B)
[0912/225712.606:WARNING:pe_image_reader.cc(302)] could not read dos header from C:\Windows\SYSTEM32\USERENV.dll
[0912/225712.606:ERROR:process_reader_win.cc(242)] ReadMemory at 0x7ffd3c610000 of 64 bytes failed: Only part of a ReadProcessMemory or WriteProcessMemory request was completed. (0x12B)
[0912/225712.606:WARNING:pe_image_reader.cc(302)] could not read dos header from C:\Windows\system32\PSAPI.DLL
[0912/225712.606:ERROR:process_reader_win.cc(242)] ReadMemory at 0x7ffd3a510000 of 64 bytes failed: Only part of a ReadProcessMemory or WriteProcessMemory request was completed. (0x12B)
[0912/225712.606:WARNING:pe_image_reader.cc(302)] could not read dos header from C:\Windows\system32\SHLWAPI.dll
[0912/225712.606:ERROR:process_reader_win.cc(242)] ReadMemory at 0x7ffd33a00000 of 64 bytes failed: Only part of a ReadProcessMemory or WriteProcessMemory request was completed. (0x12B)
[0912/225712.606:WARNING:pe_image_reader.cc(302)] could not read dos header from C:\Windows\SYSTEM32\WINHTTP.dll
[0912/225712.606:ERROR:process_reader_win.cc(242)] ReadMemory at 0x7ffd3c350000 of 64 bytes failed: Only part of a ReadProcessMemory or WriteProcessMemory request was completed. (0x12B)
[0912/225712.606:WARNING:pe_image_reader.cc(302)] could not read dos header from C:\Windows\system32\msvcrt.dll
[0912/225712.607:ERROR:process_reader_win.cc(242)] ReadMemory at 0x7ffd3bb70000 of 64 bytes failed: Only part of a ReadProcessMemory or WriteProcessMemory request was completed. (0x12B)
[0912/225712.607:WARNING:pe_image_reader.cc(302)] could not read dos header from C:\Windows\SYSTEM32\combase.dll
[0912/225712.607:ERROR:process_reader_win.cc(242)] ReadMemory at 0xab89c80000 of 64 bytes failed: Only part of a ReadProcessMemory or WriteProcessMemory request was completed. (0x12B)
[0912/225712.607:WARNING:pe_image_reader.cc(302)] could not read dos header from C:\Windows\system32\GDI32.dll
[0912/225712.607:ERROR:process_reader_win.cc(242)] ReadMemory at 0x7ffd3ca00000 of 64 bytes failed: Only part of a ReadProcessMemory or WriteProcessMemory request was completed. (0x12B)
[0912/225712.607:WARNING:pe_image_reader.cc(302)] could not read dos header from C:\Windows\SYSTEM32\sechost.dll
[0912/225712.607:ERROR:process_reader_win.cc(242)] ReadMemory at 0x7ffd3b980000 of 64 bytes failed: Only part of a ReadProcessMemory or WriteProcessMemory request was completed. (0x12B)
[0912/225712.607:WARNING:pe_image_reader.cc(302)] could not read dos header from C:\Windows\system32\RPCRT4.dll
[0912/225712.607:ERROR:process_reader_win.cc(242)] ReadMemory at 0x7ffd33360000 of 64 bytes failed: Only part of a ReadProcessMemory or WriteProcessMemory request was completed. (0x12B)
[0912/225712.608:WARNING:pe_image_reader.cc(302)] could not read dos header from C:\Windows\SYSTEM32\WINMMBASE.dll
[0912/225712.608:ERROR:process_reader_win.cc(242)] ReadMemory at 0x7ffd39de0000 of 64 bytes failed: Only part of a ReadProcessMemory or WriteProcessMemory request was completed. (0x12B)
[0912/225712.608:WARNING:pe_image_reader.cc(302)] could not read dos header from C:\Windows\SYSTEM32\profapi.dll
[0912/225712.608:ERROR:process_reader_win.cc(242)] ReadMemory at 0x7ffd3a140000 of 64 bytes failed: Only part of a ReadProcessMemory or WriteProcessMemory request was completed. (0x12B)
[0912/225712.608:WARNING:pe_image_reader.cc(302)] could not read dos header from C:\Windows\SYSTEM32\cfgmgr32.dll
[0912/225712.608:ERROR:process_reader_win.cc(242)] ReadMemory at 0x7ffd38c70000 of 64 bytes failed: Only part of a ReadProcessMemory or WriteProcessMemory request was completed. (0x12B)
[0912/225712.608:WARNING:pe_image_reader.cc(302)] could not read dos header from C:\Windows\SYSTEM32\DEVOBJ.dll
[0912/225712.608:ERROR:process_reader_win.cc(242)] ReadMemory at 0x7ffd39d20000 of 64 bytes failed: Only part of a ReadProcessMemory or WriteProcessMemory request was completed. (0x12B)
[0912/225712.608:WARNING:pe_image_reader.cc(302)] could not read dos header from C:\Windows\SYSTEM32\CRYPTBASE.DLL
[0912/225712.609:ERROR:process_reader_win.cc(242)] ReadMemory at 0x7ffd39cc0000 of 64 bytes failed: Only part of a ReadProcessMemory or WriteProcessMemory request was completed. (0x12B)
[0912/225712.609:WARNING:pe_image_reader.cc(302)] could not read dos header from C:\Windows\SYSTEM32\bcryptPrimitives.dll
[0912/225712.609:ERROR:process_reader_win.cc(242)] ReadMemory at 0x7ffd3bd50000 of 64 bytes failed: Only part of a ReadProcessMemory or WriteProcessMemory request was completed. (0x12B)
[0912/225712.609:WARNING:pe_image_reader.cc(302)] could not read dos header from C:\Windows\system32\IMM32.DLL
[0912/225712.609:ERROR:process_reader_win.cc(242)] ReadMemory at 0x7ffd3c620000 of 64 bytes failed: Only part of a ReadProcessMemory or WriteProcessMemory request was completed. (0x12B)
[0912/225712.609:WARNING:pe_image_reader.cc(302)] could not read dos header from C:\Windows\system32\MSCTF.dll
[0912/225712.609:ERROR:process_reader_win.cc(242)] ReadMemory at 0x7ffd38430000 of 64 bytes failed: Only part of a ReadProcessMemory or WriteProcessMemory request was completed. (0x12B)
[0912/225712.609:WARNING:pe_image_reader.cc(302)] could not read dos header from C:\Windows\SYSTEM32\shcore.dll
[0912/225712.609:ERROR:process_reader_win.cc(242)] ReadMemory at 0x7ffd08750000 of 64 bytes failed: Only part of a ReadProcessMemory or WriteProcessMemory request was completed. (0x12B)
[0912/225712.610:WARNING:pe_image_reader.cc(302)] could not read dos header from C:\Program Files (x86)\Google\Chrome\Application\69.0.3497.92\chrome_child.dll
[0912/225712.610:ERROR:process_reader_win.cc(242)] ReadMemory at 0x7ffd3a490000 of 64 bytes failed: Only part of a ReadProcessMemory or WriteProcessMemory request was completed. (0x12B)
[0912/225712.610:WARNING:pe_image_reader.cc(302)] could not read dos header from C:\Windows\system32\WS2_32.dll
[0912/225712.610:ERROR:process_reader_win.cc(242)] ReadMemory at 0x7ffd359b0000 of 64 bytes failed: Only part of a ReadProcessMemory or WriteProcessMemory request was completed. (0x12B)
[0912/225712.610:WARNING:pe_image_reader.cc(302)] could not read dos header from C:\Windows\SYSTEM32\IPHLPAPI.DLL
[0912/225712.610:ERROR:process_reader_win.cc(242)] ReadMemory at 0x7ffd3a310000 of 64 bytes failed: Only part of a ReadProcessMemory or WriteProcessMemory request was completed. (0x12B)
[0912/225712.610:WARNING:pe_image_reader.cc(302)] could not read dos header from C:\Windows\system32\ole32.dll
[0912/225712.610:ERROR:process_reader_win.cc(242)] ReadMemory at 0x7ffd36d90000 of 64 bytes failed: Only part of a ReadProcessMemory or WriteProcessMemory request was completed. (0x12B)
[0912/225712.610:WARNING:pe_image_reader.cc(302)] could not read dos header from C:\Windows\SYSTEM32\msdmo.dll
[0912/225712.611:ERROR:process_reader_win.cc(242)] ReadMemory at 0x7ffd3c940000 of 64 bytes failed: Only part of a ReadProcessMemory or WriteProcessMemory request was completed. (0x12B)
[0912/225712.611:WARNING:pe_image_reader.cc(302)] could not read dos header from C:\Windows\system32\OLEAUT32.dll
[0912/225712.611:ERROR:process_reader_win.cc(242)] ReadMemory at 0x7ffd3a190000 of 64 bytes failed: Only part of a ReadProcessMemory or WriteProcessMemory request was completed. (0x12B)
[0912/225712.611:WARNING:pe_image_reader.cc(302)] could not read dos header from C:\Windows\system32\WINTRUST.dll
[0912/225712.611:ERROR:process_reader_win.cc(242)] ReadMemory at 0x7ffd3be40000 of 64 bytes failed: Only part of a ReadProcessMemory or WriteProcessMemory request was completed. (0x12B)
[0912/225712.611:WARNING:pe_image_reader.cc(302)] could not read dos header from C:\Windows\system32\COMDLG32.dll
[0912/225712.611:ERROR:process_reader_win.cc(242)] ReadMemory at 0x7ffd2f030000 of 64 bytes failed: Only part of a ReadProcessMemory or WriteProcessMemory request was completed. (0x12B)
[0912/225712.611:WARNING:pe_image_reader.cc(302)] could not read dos header from C:\Windows\SYSTEM32\DWrite.dll
[0912/225712.611:ERROR:process_reader_win.cc(242)] ReadMemory at 0x7ffd252a0000 of 64 bytes failed: Only part of a ReadProcessMemory or WriteProcessMemory request was completed. (0x12B)
[0912/225712.612:WARNING:pe_image_reader.cc(302)] could not read dos header from C:\Windows\SYSTEM32\WINSPOOL.DRV
[0912/225712.612:ERROR:process_reader_win.cc(242)] ReadMemory at 0x7ffd30d40000 of 64 bytes failed: Only part of a ReadProcessMemory or WriteProcessMemory request was completed. (0x12B)
[0912/225712.612:WARNING:pe_image_reader.cc(302)] could not read dos header from C:\Windows\SYSTEM32\dbghelp.dll
[0912/225712.612:ERROR:process_reader_win.cc(242)] ReadMemory at 0x7ffd37c30000 of 64 bytes failed: Only part of a ReadProcessMemory or WriteProcessMemory request was completed. (0x12B)
[0912/225712.612:WARNING:pe_image_reader.cc(302)] could not read dos header from C:\Windows\SYSTEM32\USP10.dll
[0912/225712.612:ERROR:process_reader_win.cc(242)] ReadMemory at 0x7ffd37e00000 of 64 bytes failed: Only part of a ReadProcessMemory or WriteProcessMemory request was completed. (0x12B)
[0912/225712.612:WARNING:pe_image_reader.cc(302)] could not read dos header from C:\Windows\SYSTEM32\dxgi.dll
[0912/225712.612:ERROR:process_reader_win.cc(242)] ReadMemory at 0x7ffd39eb0000 of 64 bytes failed: Only part of a ReadProcessMemory or WriteProcessMemory request was completed. (0x12B)
[0912/225712.612:WARNING:pe_image_reader.cc(302)] could not read dos header from C:\Windows\system32\CRYPT32.dll
[0912/225712.613:ERROR:process_reader_win.cc(242)] ReadMemory at 0x7ffd350b0000 of 64 bytes failed: Only part of a ReadProcessMemory or WriteProcessMemory request was completed. (0x12B)
[0912/225712.613:WARNING:pe_image_reader.cc(302)] could not read dos header from C:\Windows\SYSTEM32\urlmon.dll
[0912/225712.613:ERROR:process_reader_win.cc(242)] ReadMemory at 0x7ffd33af0000 of 64 bytes failed: Only part of a ReadProcessMemory or WriteProcessMemory request was completed. (0x12B)
[0912/225712.613:WARNING:pe_image_reader.cc(302)] could not read dos header from C:\Windows\SYSTEM32\Secur32.dll
[0912/225712.613:ERROR:process_reader_win.cc(242)] ReadMemory at 0x7ffd35530000 of 64 bytes failed: Only part of a ReadProcessMemory or WriteProcessMemory request was completed. (0x12B)
[0912/225712.613:WARNING:pe_image_reader.cc(302)] could not read dos header from C:\Windows\SYSTEM32\dhcpcsvc.DLL
[0912/225712.613:ERROR:process_reader_win.cc(242)] ReadMemory at 0x7ffd3c400000 of 64 bytes failed: Only part of a ReadProcessMemory or WriteProcessMemory request was completed. (0x12B)
[0912/225712.613:WARNING:pe_image_reader.cc(302)] could not read dos header from C:\Windows\system32\NSI.dll
[0912/225712.613:ERROR:process_reader_win.cc(242)] ReadMemory at 0x7ffd359a0000 of 64 bytes failed: Only part of a ReadProcessMemory or WriteProcessMemory request was completed. (0x12B)
[0912/225712.613:WARNING:pe_image_reader.cc(302)] could not read dos header from C:\Windows\SYSTEM32\WINNSI.DLL
[0912/225712.614:ERROR:process_reader_win.cc(242)] ReadMemory at 0x7ffd39e90000 of 64 bytes failed: Only part of a ReadProcessMemory or WriteProcessMemory request was completed. (0x12B)
[0912/225712.614:WARNING:pe_image_reader.cc(302)] could not read dos header from C:\Windows\system32\MSASN1.dll
[0912/225712.614:ERROR:process_reader_win.cc(242)] ReadMemory at 0x7ffd37620000 of 64 bytes failed: Only part of a ReadProcessMemory or WriteProcessMemory request was completed. (0x12B)
[0912/225712.614:WARNING:pe_image_reader.cc(302)] could not read dos header from C:\Windows\WinSxS\amd64_microsoft.windows.common-controls_6595b64144ccf1df_6.0.9600.16384_none_62475f7becb72503\COMCTL32.dll
[0912/225712.614:ERROR:process_reader_win.cc(242)] ReadMemory at 0x7ffd34e00000 of 64 bytes failed: Only part of a ReadProcessMemory or WriteProcessMemory request was completed. (0x12B)
[0912/225712.614:WARNING:pe_image_reader.cc(302)] could not read dos header from C:\Windows\SYSTEM32\iertutil.dll
[0912/225712.614:ERROR:process_reader_win.cc(242)] ReadMemory at 0x7ffd34bc0000 of 64 bytes failed: Only part of a ReadProcessMemory or WriteProcessMemory request was completed. (0x12B)
[0912/225712.614:WARNING:pe_image_reader.cc(302)] could not read dos header from C:\Windows\SYSTEM32\WININET.dll
[0912/225712.614:ERROR:process_reader_win.cc(242)] ReadMemory at 0x7ffd39c90000 of 64 bytes failed: Only part of a ReadProcessMemory or WriteProcessMemory request was completed. (0x12B)
[0912/225712.615:WARNING:pe_image_reader.cc(302)] could not read dos header from C:\Windows\SYSTEM32\SSPICLI.DLL
[0912/225712.783:ERROR:process_reader_win.cc(242)] ReadMemory at 0xab8991e000 of 73728 bytes failed: Only part of a ReadProcessMemory or WriteProcessMemory request was completed. (0x12B)
[0912/225712.783:ERROR:process_reader_win.cc(242)] ReadMemory at 0xab8c01e000 of 8192 bytes failed: Only part of a ReadProcessMemory or WriteProcessMemory request was completed. (0x12B)
[0912/225712.783:ERROR:process_reader_win.cc(242)] ReadMemory at 0xab8c21d000 of 12288 bytes failed: Only part of a ReadProcessMemory or WriteProcessMemory request was completed. (0x12B)
[0912/225712.784:ERROR:process_reader_win.cc(242)] ReadMemory at 0xab8c41e000 of 8192 bytes failed: Only part of a ReadProcessMemory or WriteProcessMemory request was completed. (0x12B)
[0912/225712.784:ERROR:process_reader_win.cc(242)] ReadMemory at 0xab8c61e000 of 8192 bytes failed: Only part of a ReadProcessMemory or WriteProcessMemory request was completed. (0x12B)
[0912/225712.784:ERROR:process_reader_win.cc(242)] ReadMemory at 0xab8c81e000 of 8192 bytes failed: Only part of a ReadProcessMemory or WriteProcessMemory request was completed. (0x12B)
[0912/225712.784:ERROR:process_reader_win.cc(242)] ReadMemory at 0xab8ca1d000 of 12288 bytes failed: Only part of a ReadProcessMemory or WriteProcessMemory request was completed. (0x12B)
[0912/225712.785:ERROR:process_reader_win.cc(242)] ReadMemory at 0xab8cc1e000 of 8192 bytes failed: Only part of a ReadProcessMemory or WriteProcessMemory request was completed. (0x12B)
[0912/225712.785:ERROR:process_reader_win.cc(242)] ReadMemory at 0xab8ce1e000 of 8192 bytes failed: Only part of a ReadProcessMemory or WriteProcessMemory request was completed. (0x12B)
[0912/225712.785:ERROR:process_reader_win.cc(242)] ReadMemory at 0xab8d21c000 of 16384 bytes failed: Only part of a ReadProcessMemory or WriteProcessMemory request was completed. (0x12B)
[0912/225712.785:ERROR:process_reader_win.cc(242)] ReadMemory at 0xab8d41e000 of 8192 bytes failed: Only part of a ReadProcessMemory or WriteProcessMemory request was completed. (0x12B)
[0912/225712.786:ERROR:process_reader_win.cc(242)] ReadMemory at 0xab8d61e000 of 8192 bytes failed: Only part of a ReadProcessMemory or WriteProcessMemory request was completed. (0x12B)
[0912/225712.786:ERROR:process_reader_win.cc(242)] ReadMemory at 0xab8d81e000 of 8192 bytes failed: Only part of a ReadProcessMemory or WriteProcessMemory request was completed. (0x12B)
[0912/225712.786:ERROR:process_reader_win.cc(242)] ReadMemory at 0xab8dc1e000 of 8192 bytes failed: Only part of a ReadProcessMemory or WriteProcessMemory request was completed. (0x12B)
[0912/225712.786:ERROR:process_reader_win.cc(242)] ReadMemory at 0xab8e31e000 of 8192 bytes failed: Only part of a ReadProcessMemory or WriteProcessMemory request was completed. (0x12B)
[0912/225712.786:ERROR:process_reader_win.cc(242)] ReadMemory at 0xab8e51f000 of 4096 bytes failed: Only part of a ReadProcessMemory or WriteProcessMemory request was completed. (0x12B)
[0912/225712.787:ERROR:process_reader_win.cc(242)] ReadMemory at 0xab89b10c40 of 512 bytes failed: Only part of a ReadProcessMemory or WriteProcessMemory request was completed. (0x12B)
[0912/225712.787:ERROR:process_reader_win.cc(242)] ReadMemory at 0xab89b80070 of 512 bytes failed: Only part of a ReadProcessMemory or WriteProcessMemory request was completed. (0x12B)
[0912/225712.787:ERROR:process_reader_win.cc(242)] ReadMemory at 0xab89b80780 of 152 bytes failed: Only part of a ReadProcessMemory or WriteProcessMemory request was completed. (0x12B)
[0912/225712.787:ERROR:process_reader_win.cc(242)] ReadMemory at 0xab89b80860 of 5714 bytes failed: Only part of a ReadProcessMemory or WriteProcessMemory request was completed. (0x12B)
[0912/225712.788:ERROR:process_reader_win.cc(242)] ReadMemory at 0xab89b81ec0 of 1012 bytes failed: Only part of a ReadProcessMemory or WriteProcessMemory request was completed. (0x12B)
[0912/225712.788:ERROR:process_reader_win.cc(242)] ReadMemory at 0xab89b824d8 of 118 bytes failed: Only part of a ReadProcessMemory or WriteProcessMemory request was completed. (0x12B)
[0912/225712.788:ERROR:process_reader_win.cc(242)] ReadMemory at 0xab89b82550 of 968 bytes failed: Only part of a ReadProcessMemory or WriteProcessMemory request was completed. (0x12B)
[0912/225712.788:ERROR:process_reader_win.cc(242)] ReadMemory at 0xab89b8291a of 118 bytes failed: Only part of a ReadProcessMemory or WriteProcessMemory request was completed. (0x12B)
[0912/225712.789:ERROR:process_reader_win.cc(242)] ReadMemory at 0xab89b82992 of 98 bytes failed: Only part of a ReadProcessMemory or WriteProcessMemory request was completed. (0x12B)
[0912/225712.789:ERROR:process_reader_win.cc(242)] ReadMemory at 0xab89b82a00 of 58 bytes failed: Only part of a ReadProcessMemory or WriteProcessMemory request was completed. (0x12B)
[0912/225712.789:ERROR:process_reader_win.cc(242)] ReadMemory at 0xab89b82b00 of 132 bytes failed: Only part of a ReadProcessMemory or WriteProcessMemory request was completed. (0x12B)
[0912/225712.789:ERROR:process_reader_win.cc(242)] ReadMemory at 0xab89b82c80 of 132 bytes failed: Only part of a ReadProcessMemory or WriteProcessMemory request was completed. (0x12B)
[0912/225712.789:ERROR:process_reader_win.cc(242)] ReadMemory at 0xab89b82e90 of 124 bytes failed: Only part of a ReadProcessMemory or WriteProcessMemory request was completed. (0x12B)
[0912/225712.790:ERROR:process_reader_win.cc(242)] ReadMemory at 0xab89b83180 of 98 bytes failed: Only part of a ReadProcessMemory or WriteProcessMemory request was completed. (0x12B)
[0912/225712.790:ERROR:process_reader_win.cc(242)] ReadMemory at 0xab89b831f0 of 132 bytes failed: Only part of a ReadProcessMemory or WriteProcessMemory request was completed. (0x12B)
[0912/225712.790:ERROR:process_reader_win.cc(242)] ReadMemory at 0xab89b833d0 of 108 bytes failed: Only part of a ReadProcessMemory or WriteProcessMemory request was completed. (0x12B)
[0912/225712.790:ERROR:process_reader_win.cc(242)] ReadMemory at 0xab89b83450 of 132 bytes failed: Only part of a ReadProcessMemory or WriteProcessMemory request was completed. (0x12B)
[0912/225712.790:ERROR:process_reader_win.cc(242)] ReadMemory at 0xab89b835f0 of 64 bytes failed: Only part of a ReadProcessMemory or WriteProcessMemory request was completed. (0x12B)
[0912/225712.790:ERROR:process_reader_win.cc(242)] ReadMemory at 0xab89b837a0 of 132 bytes failed: Only part of a ReadProcessMemory or WriteProcessMemory request was completed. (0x12B)
[0912/225712.791:ERROR:process_reader_win.cc(242)] ReadMemory at 0xab89b83b40 of 68 bytes failed: Only part of a ReadProcessMemory or WriteProcessMemory request was completed. (0x12B)
[0912/225712.791:ERROR:process_reader_win.cc(242)] ReadMemory at 0xab89b83b90 of 132 bytes failed: Only part of a ReadProcessMemory or WriteProcessMemory request was completed. (0x12B)
[0912/225712.791:ERROR:process_reader_win.cc(242)] ReadMemory at 0xab89b888a0 of 132 bytes failed: Only part of a ReadProcessMemory or WriteProcessMemory request was completed. (0x12B)
[0912/225712.791:ERROR:process_reader_win.cc(242)] ReadMemory at 0xab89b88a80 of 62 bytes failed: Only part of a ReadProcessMemory or WriteProcessMemory request was completed. (0x12B)
[0912/225712.791:ERROR:process_reader_win.cc(242)] ReadMemory at 0xab89b88ad0 of 132 bytes failed: Only part of a ReadProcessMemory or WriteProcessMemory request was completed. (0x12B)
[0912/225712.792:ERROR:process_reader_win.cc(242)] ReadMemory at 0xab89b88cb0 of 64 bytes failed: Only part of a ReadProcessMemory or WriteProcessMemory request was completed. (0x12B)
[0912/225712.792:ERROR:process_reader_win.cc(242)] ReadMemory at 0xab89b88d00 of 132 bytes failed: Only part of a ReadProcessMemory or WriteProcessMemory request was completed. (0x12B)
[0912/225712.792:ERROR:process_reader_win.cc(242)] ReadMemory at 0xab89b88ee0 of 60 bytes failed: Only part of a ReadProcessMemory or WriteProcessMemory request was completed. (0x12B)
[0912/225712.792:ERROR:process_reader_win.cc(242)] ReadMemory at 0xab89b88f30 of 132 bytes failed: Only part of a ReadProcessMemory or WriteProcessMemory request was completed. (0x12B)
[0912/225712.792:ERROR:process_reader_win.cc(242)] ReadMemory at 0xab89b89100 of 62 bytes failed: Only part of a ReadProcessMemory or WriteProcessMemory request was completed. (0x12B)
[0912/225712.793:ERROR:process_reader_win.cc(242)] ReadMemory at 0xab89b89150 of 132 bytes failed: Only part of a ReadProcessMemory or WriteProcessMemory request was completed. (0x12B)
[0912/225712.793:ERROR:process_reader_win.cc(242)] ReadMemory at 0xab89b89270 of 58 bytes failed: Only part of a ReadProcessMemory or WriteProcessMemory request was completed. (0x12B)
[0912/225712.793:ERROR:process_reader_win.cc(242)] ReadMemory at 0xab89b8c490 of 132 bytes failed: Only part of a ReadProcessMemory or WriteProcessMemory request was completed. (0x12B)
[0912/225712.793:ERROR:process_reader_win.cc(242)] ReadMemory at 0xab89b8c5b0 of 132 bytes failed: Only part of a ReadProcessMemory or WriteProcessMemory request was completed. (0x12B)
[0912/225712.793:ERROR:process_reader_win.cc(242)] ReadMemory at 0xab89b8c6d0 of 132 bytes failed: Only part of a ReadProcessMemory or WriteProcessMemory request was completed. (0x12B)
[0912/225712.794:ERROR:process_reader_win.cc(242)] ReadMemory at 0xab89b8c7f0 of 132 bytes failed: Only part of a ReadProcessMemory or WriteProcessMemory request was completed. (0x12B)
[0912/225712.794:ERROR:process_reader_win.cc(242)] ReadMemory at 0xab89b8c910 of 132 bytes failed: Only part of a ReadProcessMemory or WriteProcessMemory request was completed. (0x12B)
[0912/225712.794:ERROR:process_reader_win.cc(242)] ReadMemory at 0xab89b8d4a0 of 62 bytes failed: Only part of a ReadProcessMemory or WriteProcessMemory request was completed. (0x12B)
[0912/225712.794:ERROR:process_reader_win.cc(242)] ReadMemory at 0xab89b8d4f0 of 64 bytes failed: Only part of a ReadProcessMemory or WriteProcessMemory request was completed. (0x12B)
[0912/225712.794:ERROR:process_reader_win.cc(242)] ReadMemory at 0xab89b8d540 of 66 bytes failed: Only part of a ReadProcessMemory or WriteProcessMemory request was completed. (0x12B)
[0912/225712.795:ERROR:process_reader_win.cc(242)] ReadMemory at 0xab89b8d5e0 of 60 bytes failed: Only part of a ReadProcessMemory or WriteProcessMemory request was completed. (0x12B)
[0912/225712.795:ERROR:process_reader_win.cc(242)] ReadMemory at 0xab89b8d680 of 62 bytes failed: Only part of a ReadProcessMemory or WriteProcessMemory request was completed. (0x12B)
[0912/225712.795:ERROR:process_reader_win.cc(242)] ReadMemory at 0xab89b8d6d0 of 62 bytes failed: Only part of a ReadProcessMemory or WriteProcessMemory request was completed. (0x12B)
[0912/225712.795:ERROR:process_reader_win.cc(242)] ReadMemory at 0xab89b8d720 of 60 bytes failed: Only part of a ReadProcessMemory or WriteProcessMemory request was completed. (0x12B)
[0912/225712.795:ERROR:process_reader_win.cc(242)] ReadMemory at 0xab89b8d770 of 62 bytes failed: Only part of a ReadProcessMemory or WriteProcessMemory request was completed. (0x12B)
[0912/225712.795:ERROR:process_reader_win.cc(242)] ReadMemory at 0xab89b8d810 of 60 bytes failed: Only part of a ReadProcessMemory or WriteProcessMemory request was completed. (0x12B)
[0912/225712.795:ERROR:process_reader_win.cc(242)] ReadMemory at 0xab89b8d860 of 62 bytes failed: Only part of a ReadProcessMemory or WriteProcessMemory request was completed. (0x12B)
[0912/225712.795:ERROR:process_reader_win.cc(242)] ReadMemory at 0xab89b8d950 of 58 bytes failed: Only part of a ReadProcessMemory or WriteProcessMemory request was completed. (0x12B)
[0912/225712.796:ERROR:process_reader_win.cc(242)] ReadMemory at 0xab89b8d9f0 of 66 bytes failed: Only part of a ReadProcessMemory or WriteProcessMemory request was completed. (0x12B)
[0912/225712.796:ERROR:process_reader_win.cc(242)] ReadMemory at 0xab89b8db30 of 58 bytes failed: Only part of a ReadProcessMemory or WriteProcessMemory request was completed. (0x12B)
[0912/225712.796:ERROR:process_reader_win.cc(242)] ReadMemory at 0xab89b8dbd0 of 62 bytes failed: Only part of a ReadProcessMemory or WriteProcessMemory request was completed. (0x12B)
[0912/225712.796:ERROR:process_reader_win.cc(242)] ReadMemory at 0xab89b8e490 of 132 bytes failed: Only part of a ReadProcessMemory or WriteProcessMemory request was completed. (0x12B)
[0912/225712.796:ERROR:process_reader_win.cc(242)] ReadMemory at 0xab89b8e600 of 132 bytes failed: Only part of a ReadProcessMemory or WriteProcessMemory request was completed. (0x12B)
[0912/225712.796:ERROR:process_reader_win.cc(242)] ReadMemory at 0xab89b8e720 of 132 bytes failed: Only part of a ReadProcessMemory or WriteProcessMemory request was completed. (0x12B)
[0912/225712.796:ERROR:process_reader_win.cc(242)] ReadMemory at 0xab89b8e840 of 132 bytes failed: Only part of a ReadProcessMemory or WriteProcessMemory request was completed. (0x12B)
[0912/225712.796:ERROR:process_reader_win.cc(242)] ReadMemory at 0xab89b8e960 of 132 bytes failed: Only part of a ReadProcessMemory or WriteProcessMemory request was completed. (0x12B)
[0912/225712.797:ERROR:process_reader_win.cc(242)] ReadMemory at 0xab89b8ea80 of 132 bytes failed: Only part of a ReadProcessMemory or WriteProcessMemory request was completed. (0x12B)
[0912/225712.797:ERROR:process_reader_win.cc(242)] ReadMemory at 0xab89b8eba0 of 132 bytes failed: Only part of a ReadProcessMemory or WriteProcessMemory request was completed. (0x12B)
[0912/225712.797:ERROR:process_reader_win.cc(242)] ReadMemory at 0xab89b8ecc0 of 132 bytes failed: Only part of a ReadProcessMemory or WriteProcessMemory request was completed. (0x12B)
[0912/225712.797:ERROR:process_reader_win.cc(242)] ReadMemory at 0xab89b8ede0 of 132 bytes failed: Only part of a ReadProcessMemory or WriteProcessMemory request was completed. (0x12B)
[0912/225712.797:ERROR:process_reader_win.cc(242)] ReadMemory at 0xab89b8ef00 of 132 bytes failed: Only part of a ReadProcessMemory or WriteProcessMemory request was completed. (0x12B)
[0912/225712.797:ERROR:process_reader_win.cc(242)] ReadMemory at 0xab89b8f020 of 132 bytes failed: Only part of a ReadProcessMemory or WriteProcessMemory request was completed. (0x12B)
[0912/225712.797:ERROR:process_reader_win.cc(242)] ReadMemory at 0xab89b8f140 of 132 bytes failed: Only part of a ReadProcessMemory or WriteProcessMemory request was completed. (0x12B)
[0912/225712.797:ERROR:process_reader_win.cc(242)] ReadMemory at 0xab89b8f260 of 132 bytes failed: Only part of a ReadProcessMemory or WriteProcessMemory request was completed. (0x12B)
[0912/225712.797:ERROR:process_reader_win.cc(242)] ReadMemory at 0xab89b8f380 of 132 bytes failed: Only part of a ReadProcessMemory or WriteProcessMemory request was completed. (0x12B)
[0912/225712.798:ERROR:process_reader_win.cc(242)] ReadMemory at 0xab89b8f8b0 of 80 bytes failed: Only part of a ReadProcessMemory or WriteProcessMemory request was completed. (0x12B)
[0912/225712.798:ERROR:process_reader_win.cc(242)] ReadMemory at 0xab89b91250 of 156 bytes failed: Only part of a ReadProcessMemory or WriteProcessMemory request was completed. (0x12B)
[0912/225712.798:ERROR:process_reader_win.cc(242)] ReadMemory at 0xab89b91610 of 54 bytes failed: Only part of a ReadProcessMemory or WriteProcessMemory request was completed. (0x12B)
[0912/225712.798:ERROR:process_reader_win.cc(242)] ReadMemory at 0xab89b92b90 of 56 bytes failed: Only part of a ReadProcessMemory or WriteProcessMemory request was completed. (0x12B)
[0912/225712.798:ERROR:process_reader_win.cc(242)] ReadMemory at 0xab89b92be0 of 58 bytes failed: Only part of a ReadProcessMemory or WriteProcessMemory request was completed. (0x12B)
[0912/225712.798:ERROR:process_reader_win.cc(242)] ReadMemory at 0xab89b92d70 of 58 bytes failed: Only part of a ReadProcessMemory or WriteProcessMemory request was completed. (0x12B)
[0912/225712.798:ERROR:process_reader_win.cc(242)] ReadMemory at 0xab89b92e60 of 64 bytes failed: Only part of a ReadProcessMemory or WriteProcessMemory request was completed. (0x12B)
[0912/225712.798:ERROR:process_reader_win.cc(242)] ReadMemory at 0xab89b92ff0 of 64 bytes failed: Only part of a ReadProcessMemory or WriteProcessMemory request was completed. (0x12B)
[0912/225712.799:ERROR:process_reader_win.cc(242)] ReadMemory at 0xab89b93090 of 58 bytes failed: Only part of a ReadProcessMemory or WriteProcessMemory request was completed. (0x12B)
[0912/225712.799:ERROR:process_reader_win.cc(242)] ReadMemory at 0xab89b930e0 of 64 bytes failed: Only part of a ReadProcessMemory or WriteProcessMemory request was completed. (0x12B)
[0912/225712.799:ERROR:process_reader_win.cc(242)] ReadMemory at 0xab89b93130 of 60 bytes failed: Only part of a ReadProcessMemory or WriteProcessMemory request was completed. (0x12B)
[0912/225712.799:ERROR:process_reader_win.cc(242)] ReadMemory at 0xab89b93180 of 62 bytes failed: Only part of a ReadProcessMemory or WriteProcessMemory request was completed. (0x12B)
[0912/225712.799:ERROR:process_reader_win.cc(242)] ReadMemory at 0xab89b931d0 of 62 bytes failed: Only part of a ReadProcessMemory or WriteProcessMemory request was completed. (0x12B)
[0912/225712.799:ERROR:process_reader_win.cc(242)] ReadMemory at 0xab89b93220 of 62 bytes failed: Only part of a ReadProcessMemory or WriteProcessMemory request was completed. (0x12B)
[0912/225712.799:ERROR:process_reader_win.cc(242)] ReadMemory at 0xab89b933b0 of 62 bytes failed: Only part of a ReadProcessMemory or WriteProcessMemory request was completed. (0x12B)
[0912/225712.799:ERROR:process_reader_win.cc(242)] ReadMemory at 0xab89b93400 of 60 bytes failed: Only part of a ReadProcessMemory or WriteProcessMemory request was completed. (0x12B)
[0912/225712.799:ERROR:process_reader_win.cc(242)] ReadMemory at 0xab89b93450 of 62 bytes failed: Only part of a ReadProcessMemory or WriteProcessMemory request was completed. (0x12B)
[0912/225712.800:ERROR:process_reader_win.cc(242)] ReadMemory at 0xab89b934f0 of 64 bytes failed: Only part of a ReadProcessMemory or WriteProcessMemory request was completed. (0x12B)
[0912/225712.800:ERROR:process_reader_win.cc(242)] ReadMemory at 0xab89b93540 of 60 bytes failed: Only part of a ReadProcessMemory or WriteProcessMemory request was completed. (0x12B)
[0912/225712.800:ERROR:process_reader_win.cc(242)] ReadMemory at 0xab89b93590 of 64 bytes failed: Only part of a ReadProcessMemory or WriteProcessMemory request was completed. (0x12B)
[0912/225712.800:ERROR:process_reader_win.cc(242)] ReadMemory at 0xab89b93630 of 64 bytes failed: Only part of a ReadProcessMemory or WriteProcessMemory request was completed. (0x12B)
[0912/225712.800:ERROR:process_reader_win.cc(242)] ReadMemory at 0xab89b93770 of 64 bytes failed: Only part of a ReadProcessMemory or WriteProcessMemory request was completed. (0x12B)
[0912/225712.800:ERROR:process_reader_win.cc(242)] ReadMemory at 0xab89b937c0 of 60 bytes failed: Only part of a ReadProcessMemory or WriteProcessMemory request was completed. (0x12B)
[0912/225712.800:ERROR:process_reader_win.cc(242)] ReadMemory at 0xab89b93810 of 58 bytes failed: Only part of a ReadProcessMemory or WriteProcessMemory request was completed. (0x12B)
[0912/225712.800:ERROR:process_reader_win.cc(242)] ReadMemory at 0xab89b93950 of 60 bytes failed: Only part of a ReadProcessMemory or WriteProcessMemory request was completed. (0x12B)
[0912/225712.800:ERROR:process_reader_win.cc(242)] ReadMemory at 0xab89b939a0 of 60 bytes failed: Only part of a ReadProcessMemory or WriteProcessMemory request was completed. (0x12B)
[0912/225712.801:ERROR:process_reader_win.cc(242)] ReadMemory at 0xab89b939f0 of 58 bytes failed: Only part of a ReadProcessMemory or WriteProcessMemory request was completed. (0x12B)
[0912/225712.801:ERROR:process_reader_win.cc(242)] ReadMemory at 0xab89b95fd0 of 248 bytes failed: Only part of a ReadProcessMemory or WriteProcessMemory request was completed. (0x12B)
[0912/225712.801:ERROR:process_reader_win.cc(242)] ReadMemory at 0xab89b97be0 of 132 bytes failed: Only part of a ReadProcessMemory or WriteProcessMemory request was completed. (0x12B)
[0912/225712.801:ERROR:process_reader_win.cc(242)] ReadMemory at 0xab89b97d00 of 132 bytes failed: Only part of a ReadProcessMemory or WriteProcessMemory request was completed. (0x12B)
[0912/225712.801:ERROR:process_reader_win.cc(242)] ReadMemory at 0xab89b97f40 of 132 bytes failed: Only part of a ReadProcessMemory or WriteProcessMemory request was completed. (0x12B)
[0912/225712.801:ERROR:process_reader_win.cc(242)] ReadMemory at 0xab89b98180 of 132 bytes failed: Only part of a ReadProcessMemory or WriteProcessMemory request was completed. (0x12B)
[0912/225712.801:ERROR:process_reader_win.cc(242)] ReadMemory at 0xab89b982a0 of 132 bytes failed: Only part of a ReadProcessMemory or WriteProcessMemory request was completed. (0x12B)
[0912/225712.801:ERROR:process_reader_win.cc(242)] ReadMemory at 0xab89b983c0 of 132 bytes failed: Only part of a ReadProcessMemory or WriteProcessMemory request was completed. (0x12B)
[0912/225712.801:ERROR:process_reader_win.cc(242)] ReadMemory at 0xab89b984e0 of 132 bytes failed: Only part of a ReadProcessMemory or WriteProcessMemory request was completed. (0x12B)
[0912/225712.801:ERROR:process_reader_win.cc(242)] ReadMemory at 0xab89b98600 of 132 bytes failed: Only part of a ReadProcessMemory or WriteProcessMemory request was completed. (0x12B)
[0912/225712.801:ERROR:process_reader_win.cc(242)] ReadMemory at 0xab89b98720 of 132 bytes failed: Only part of a ReadProcessMemory or WriteProcessMemory request was completed. (0x12B)
[0912/225712.802:ERROR:process_reader_win.cc(242)] ReadMemory at 0xab89b98840 of 132 bytes failed: Only part of a ReadProcessMemory or WriteProcessMemory request was completed. (0x12B)
[0912/225712.802:ERROR:process_reader_win.cc(242)] ReadMemory at 0xab89b98960 of 132 bytes failed: Only part of a ReadProcessMemory or WriteProcessMemory request was completed. (0x12B)
[0912/225712.802:ERROR:process_reader_win.cc(242)] ReadMemory at 0xab89b98a80 of 132 bytes failed: Only part of a ReadProcessMemory or WriteProcessMemory request was completed. (0x12B)
[0912/225712.802:ERROR:process_reader_win.cc(242)] ReadMemory at 0xab89b98ba0 of 132 bytes failed: Only part of a ReadProcessMemory or WriteProcessMemory request was completed. (0x12B)
[0912/225712.802:ERROR:process_reader_win.cc(242)] ReadMemory at 0xab89b98cc0 of 132 bytes failed: Only part of a ReadProcessMemory or WriteProcessMemory request was completed. (0x12B)
[0912/225712.802:ERROR:process_reader_win.cc(242)] ReadMemory at 0xab89b98de0 of 132 bytes failed: Only part of a ReadProcessMemory or WriteProcessMemory request was completed. (0x12B)
[0912/225712.802:ERROR:process_reader_win.cc(242)] ReadMemory at 0xab89b98f00 of 132 bytes failed: Only part of a ReadProcessMemory or WriteProcessMemory request was completed. (0x12B)
[0912/225712.802:ERROR:process_reader_win.cc(242)] ReadMemory at 0xab89b99020 of 132 bytes failed: Only part of a ReadProcessMemory or WriteProcessMemory request was completed. (0x12B)
[0912/225712.802:ERROR:process_reader_win.cc(242)] ReadMemory at 0xab89b99140 of 132 bytes failed: Only part of a ReadProcessMemory or WriteProcessMemory request was completed. (0x12B)
[0912/225712.802:ERROR:process_reader_win.cc(242)] ReadMemory at 0xab89b99260 of 132 bytes failed: Only part of a ReadProcessMemory or WriteProcessMemory request was completed. (0x12B)
[0912/225712.802:ERROR:process_reader_win.cc(242)] ReadMemory at 0xab89b99380 of 132 bytes failed: Only part of a ReadProcessMemory or WriteProcessMemory request was completed. (0x12B)
[0912/225712.802:ERROR:process_reader_win.cc(242)] ReadMemory at 0xab89b994a0 of 132 bytes failed: Only part of a ReadProcessMemory or WriteProcessMemory request was completed. (0x12B)
[0912/225712.802:ERROR:process_reader_win.cc(242)] ReadMemory at 0xab89b996e0 of 132 bytes failed: Only part of a ReadProcessMemory or WriteProcessMemory request was completed. (0x12B)
[0912/225712.802:ERROR:process_reader_win.cc(242)] ReadMemory at 0xab89b99800 of 132 bytes failed: Only part of a ReadProcessMemory or WriteProcessMemory request was completed. (0x12B)
[0912/225712.803:ERROR:process_reader_win.cc(242)] ReadMemory at 0xab89b99a40 of 132 bytes failed: Only part of a ReadProcessMemory or WriteProcessMemory request was completed. (0x12B)
[0912/225712.803:ERROR:process_reader_win.cc(242)] ReadMemory at 0xab89ba9ef0 of 512 bytes failed: Only part of a ReadProcessMemory or WriteProcessMemory request was completed. (0x12B)
[0912/225712.803:ERROR:process_reader_win.cc(242)] ReadMemory at 0xab89baaf50 of 512 bytes failed: Only part of a ReadProcessMemory or WriteProcessMemory request was completed. (0x12B)
[0912/225712.803:ERROR:process_reader_win.cc(242)] ReadMemory at 0xab89fdb2a0 of 512 bytes failed: Only part of a ReadProcessMemory or WriteProcessMemory request was completed. (0x12B)
[0912/225712.803:ERROR:process_reader_win.cc(242)] ReadMemory at 0xab89fddc30 of 512 bytes failed: Only part of a ReadProcessMemory or WriteProcessMemory request was completed. (0x12B)
[0912/225712.803:ERROR:process_reader_win.cc(242)] ReadMemory at 0xab89fe0d20 of 512 bytes failed: Only part of a ReadProcessMemory or WriteProcessMemory request was completed. (0x12B)
[0912/225712.803:ERROR:process_reader_win.cc(242)] ReadMemory at 0xab89fe3b88 of 512 bytes failed: Only part of a ReadProcessMemory or WriteProcessMemory request was completed. (0x12B)
[0912/225712.803:ERROR:process_reader_win.cc(242)] ReadMemory at 0xab89fe5ca0 of 512 bytes failed: Only part of a ReadProcessMemory or WriteProcessMemory request was completed. (0x12B)
[0912/225712.803:ERROR:process_reader_win.cc(242)] ReadMemory at 0xab89fffe10 of 512 bytes failed: Only part of a ReadProcessMemory or WriteProcessMemory request was completed. (0x12B)
[0912/225712.803:ERROR:process_reader_win.cc(242)] ReadMemory at 0xab8a013fe0 of 688 bytes failed: Only part of a ReadProcessMemory or WriteProcessMemory request was completed. (0x12B)
[0912/225712.803:ERROR:process_reader_win.cc(242)] ReadMemory at 0xab8a016808 of 512 bytes failed: Only part of a ReadProcessMemory or WriteProcessMemory request was completed. (0x12B)
[0912/225712.804:ERROR:process_reader_win.cc(242)] ReadMemory at 0xab8a016ff8 of 512 bytes failed: Only part of a ReadProcessMemory or WriteProcessMemory request was completed. (0x12B)
[0912/225712.804:ERROR:process_reader_win.cc(242)] ReadMemory at 0xab8a02deb0 of 512 bytes failed: Only part of a ReadProcessMemory or WriteProcessMemory request was completed. (0x12B)
[0912/225712.804:ERROR:process_reader_win.cc(242)] ReadMemory at 0xab8a095510 of 512 bytes failed: Only part of a ReadProcessMemory or WriteProcessMemory request was completed. (0x12B)
[0912/225712.804:ERROR:process_reader_win.cc(242)] ReadMemory at 0xab8a1577c0 of 512 bytes failed: Only part of a ReadProcessMemory or WriteProcessMemory request was completed. (0x12B)
[0912/225712.804:ERROR:process_reader_win.cc(242)] ReadMemory at 0xab8a3200d0 of 512 bytes failed: Only part of a ReadProcessMemory or WriteProcessMemory request was completed. (0x12B)
[0912/225712.804:ERROR:process_reader_win.cc(242)] ReadMemory at 0xab8a326880 of 512 bytes failed: Only part of a ReadProcessMemory or WriteProcessMemory request was completed. (0x12B)
[0912/225712.804:ERROR:process_reader_win.cc(242)] ReadMemory at 0xab8ce28680 of 512 bytes failed: Only part of a ReadProcessMemory or WriteProcessMemory request was completed. (0x12B)
[0912/225712.804:ERROR:process_reader_win.cc(242)] ReadMemory at 0xab8ce29570 of 512 bytes failed: Only part of a ReadProcessMemory or WriteProcessMemory request was completed. (0x12B)
[0912/225712.804:ERROR:process_reader_win.cc(242)] ReadMemory at 0xab8ce3de60 of 512 bytes failed: Only part of a ReadProcessMemory or WriteProcessMemory request was completed. (0x12B)
[0912/225712.804:ERROR:process_reader_win.cc(242)] ReadMemory at 0xab8ce44f30 of 512 bytes failed: Only part of a ReadProcessMemory or WriteProcessMemory request was completed. (0x12B)
[0912/225712.804:ERROR:process_reader_win.cc(242)] ReadMemory at 0xab8ce5e348 of 512 bytes failed: Only part of a ReadProcessMemory or WriteProcessMemory request was completed. (0x12B)
[0912/225712.804:ERROR:process_reader_win.cc(242)] ReadMemory at 0xab8ce60240 of 512 bytes failed: Only part of a ReadProcessMemory or WriteProcessMemory request was completed. (0x12B)
[0912/225712.805:ERROR:process_reader_win.cc(242)] ReadMemory at 0xab8ce60c60 of 512 bytes failed: Only part of a ReadProcessMemory or WriteProcessMemory request was completed. (0x12B)
[0912/225712.805:ERROR:process_reader_win.cc(242)] ReadMemory at 0xab8ce74b80 of 512 bytes failed: Only part of a ReadProcessMemory or WriteProcessMemory request was completed. (0x12B)
[0912/225712.805:ERROR:process_reader_win.cc(242)] ReadMemory at 0xab8ce80500 of 512 bytes failed: Only part of a ReadProcessMemory or WriteProcessMemory request was completed. (0x12B)
[0912/225712.805:ERROR:process_reader_win.cc(242)] ReadMemory at 0xab8ce8f500 of 824 bytes failed: Only part of a ReadProcessMemory or WriteProcessMemory request was completed. (0x12B)
[0912/225712.805:ERROR:process_reader_win.cc(242)] ReadMemory at 0xab8ce98300 of 512 bytes failed: Only part of a ReadProcessMemory or WriteProcessMemory request was completed. (0x12B)
[0912/225712.805:ERROR:process_reader_win.cc(242)] ReadMemory at 0xab8ceb5310 of 592 bytes failed: Only part of a ReadProcessMemory or WriteProcessMemory request was completed. (0x12B)
[0912/225712.805:ERROR:process_reader_win.cc(242)] ReadMemory at 0xab8cfa3258 of 512 bytes failed: Only part of a ReadProcessMemory or WriteProcessMemory request was completed. (0x12B)
[0912/225712.805:ERROR:process_reader_win.cc(242)] ReadMemory at 0xab8cfc3fe8 of 512 bytes failed: Only part of a ReadProcessMemory or WriteProcessMemory request was completed. (0x12B)
[0912/225712.805:ERROR:process_reader_win.cc(242)] ReadMemory at 0xab8cfd3420 of 512 bytes failed: Only part of a ReadProcessMemory or WriteProcessMemory request was completed. (0x12B)
[0912/225712.805:ERROR:process_reader_win.cc(242)] ReadMemory at 0xab8d004610 of 512 bytes failed: Only part of a ReadProcessMemory or WriteProcessMemory request was completed. (0x12B)
[0912/225712.805:ERROR:process_reader_win.cc(242)] ReadMemory at 0xab8ddccff0 of 512 bytes failed: Only part of a ReadProcessMemory or WriteProcessMemory request was completed. (0x12B)
[0912/225712.805:ERROR:process_reader_win.cc(242)] ReadMemory at 0x394f6ae80000 of 384 bytes failed: Only part of a ReadProcessMemory or WriteProcessMemory request was completed. (0x12B)
[0912/225712.805:ERROR:process_reader_win.cc(242)] ReadMemory at 0x394f6aebf9f8 of 512 bytes failed: Only part of a ReadProcessMemory or WriteProcessMemory request was completed. (0x12B)
[0912/225712.806:ERROR:process_reader_win.cc(242)] ReadMemory at 0x7ff7ea2ea000 of 6024 bytes failed: Only part of a ReadProcessMemory or WriteProcessMemory request was completed. (0x12B)
[0912/225712.806:ERROR:process_reader_win.cc(242)] ReadMemory at 0x7ff7ea2ec000 of 6024 bytes failed: Only part of a ReadProcessMemory or WriteProcessMemory request was completed. (0x12B)
[0912/225712.806:ERROR:process_reader_win.cc(242)] ReadMemory at 0x7ff7ea2ee000 of 6024 bytes failed: Only part of a ReadProcessMemory or WriteProcessMemory request was completed. (0x12B)
[0912/225712.806:ERROR:process_reader_win.cc(242)] ReadMemory at 0x7ff7ea2f0000 of 6024 bytes failed: Only part of a ReadProcessMemory or WriteProcessMemory request was completed. (0x12B)
[0912/225712.806:ERROR:process_reader_win.cc(242)] ReadMemory at 0x7ff7ea2f2000 of 6024 bytes failed: Only part of a ReadProcessMemory or WriteProcessMemory request was completed. (0x12B)
[0912/225712.806:ERROR:process_reader_win.cc(242)] ReadMemory at 0x7ff7ea2f4000 of 6024 bytes failed: Only part of a ReadProcessMemory or WriteProcessMemory request was completed. (0x12B)
[0912/225712.806:ERROR:process_reader_win.cc(242)] ReadMemory at 0x7ff7ea2f6000 of 6024 bytes failed: Only part of a ReadProcessMemory or WriteProcessMemory request was completed. (0x12B)
[0912/225712.806:ERROR:process_reader_win.cc(242)] ReadMemory at 0x7ff7ea2f8000 of 6024 bytes failed: Only part of a ReadProcessMemory or WriteProcessMemory request was completed. (0x12B)
[0912/225712.807:ERROR:process_reader_win.cc(242)] ReadMemory at 0x7ff7ea2fa000 of 6024 bytes failed: Only part of a ReadProcessMemory or WriteProcessMemory request was completed. (0x12B)
[0912/225712.807:ERROR:process_reader_win.cc(242)] ReadMemory at 0x7ff7ea2fbf80 of 6152 bytes failed: Only part of a ReadProcessMemory or WriteProcessMemory request was completed. (0x12B)
[0912/225712.807:ERROR:process_reader_win.cc(242)] ReadMemory at 0x7ff7ea2fe000 of 6024 bytes failed: Only part of a ReadProcessMemory or WriteProcessMemory request was completed. (0x12B)
[0912/225712.807:ERROR:process_reader_win.cc(242)] ReadMemory at 0x7ff7ea424000 of 6024 bytes failed: Only part of a ReadProcessMemory or WriteProcessMemory request was completed. (0x12B)
[0912/225712.807:ERROR:process_reader_win.cc(242)] ReadMemory at 0x7ff7ea426000 of 6024 bytes failed: Only part of a ReadProcessMemory or WriteProcessMemory request was completed. (0x12B)
[0912/225712.807:ERROR:process_reader_win.cc(242)] ReadMemory at 0x7ff7ea428000 of 6024 bytes failed: Only part of a ReadProcessMemory or WriteProcessMemory request was completed. (0x12B)
[0912/225712.807:ERROR:process_reader_win.cc(242)] ReadMemory at 0x7ff7ea42a000 of 852 bytes failed: Only part of a ReadProcessMemory or WriteProcessMemory request was completed. (0x12B)
[0912/225712.807:ERROR:process_reader_win.cc(242)] ReadMemory at 0x7ff7ea42c000 of 6024 bytes failed: Only part of a ReadProcessMemory or WriteProcessMemory request was completed. (0x12B)
[0912/225712.807:ERROR:process_reader_win.cc(242)] ReadMemory at 0x7ff7ea42e000 of 6024 bytes failed: Only part of a ReadProcessMemory or WriteProcessMemory request was completed. (0x12B)
[0912/225712.808:ERROR:process_reader_win.cc(242)] ReadMemory at 0x7ffd08755c76 of 512 bytes failed: Only part of a ReadProcessMemory or WriteProcessMemory request was completed. (0x12B)
[0912/225712.808:ERROR:process_reader_win.cc(242)] ReadMemory at 0x7ffd08b0d34d of 512 bytes failed: Only part of a ReadProcessMemory or WriteProcessMemory request was completed. (0x12B)
[0912/225712.808:ERROR:process_reader_win.cc(242)] ReadMemory at 0x7ffd092d77f0 of 512 bytes failed: Only part of a ReadProcessMemory or WriteProcessMemory request was completed. (0x12B)
[0912/225712.808:ERROR:process_reader_win.cc(242)] ReadMemory at 0x7ffd09bffe70 of 512 bytes failed: Only part of a ReadProcessMemory or WriteProcessMemory request was completed. (0x12B)
[0912/225712.808:ERROR:process_reader_win.cc(242)] ReadMemory at 0x7ffd09e96f40 of 512 bytes failed: Only part of a ReadProcessMemory or WriteProcessMemory request was completed. (0x12B)
[0912/225712.808:ERROR:process_reader_win.cc(242)] ReadMemory at 0x7ffd0c8f30b0 of 512 bytes failed: Only part of a ReadProcessMemory or WriteProcessMemory request was completed. (0x12B)
[0912/225712.808:ERROR:process_reader_win.cc(242)] ReadMemory at 0x7ffd0cef7950 of 512 bytes failed: Only part of a ReadProcessMemory or WriteProcessMemory request was completed. (0x12B)
[0912/225712.808:ERROR:process_reader_win.cc(242)] ReadMemory at 0x7ffd2374eaf4 of 512 bytes failed: Only part of a ReadProcessMemory or WriteProcessMemory request was completed. (0x12B)
[0912/225712.808:ERROR:process_reader_win.cc(242)] ReadMemory at 0x7ffd2374fbb7 of 512 bytes failed: Only part of a ReadProcessMemory or WriteProcessMemory request was completed. (0x12B)
[0912/225712.808:ERROR:process_reader_win.cc(242)] ReadMemory at 0x7ffd3ca60000 of 384 bytes failed: Only part of a ReadProcessMemory or WriteProcessMemory request was completed. (0x12B)
[0912/225712.808:ERROR:process_reader_win.cc(242)] ReadMemory at 0x7ffd3ca637e0 of 512 bytes failed: Only part of a ReadProcessMemory or WriteProcessMemory request was completed. (0x12B)
[0912/225712.808:ERROR:process_reader_win.cc(242)] ReadMemory at 0x7ffd3ca674c0 of 18 bytes failed: Only part of a ReadProcessMemory or WriteProcessMemory request was completed. (0x12B)
[0912/225712.808:ERROR:process_reader_win.cc(242)] ReadMemory at 0x7ffd3ca95898 of 512 bytes failed: Only part of a ReadProcessMemory or WriteProcessMemory request was completed. (0x12B)
[0912/225712.809:ERROR:process_reader_win.cc(242)] ReadMemory at 0x7ffd3caf7a9a of 592 bytes failed: Only part of a ReadProcessMemory or WriteProcessMemory request was completed. (0x12B)
[0912/225712.809:ERROR:process_reader_win.cc(242)] ReadMemory at 0x7ffd3caf7e1a of 512 bytes failed: Only part of a ReadProcessMemory or WriteProcessMemory request was completed. (0x12B)
[0912/225712.809:ERROR:process_reader_win.cc(242)] ReadMemory at 0x7ffd3caf951a of 560 bytes failed: Only part of a ReadProcessMemory or WriteProcessMemory request was completed. (0x12B)
[0912/225712.809:ERROR:process_reader_win.cc(242)] ReadMemory at 0x7ffd3cb89980 of 40 bytes failed: Only part of a ReadProcessMemory or WriteProcessMemory request was completed. (0x12B)
[0912/225712.809:ERROR:process_reader_win.cc(242)] ReadMemory at 0x7ffd3cb8cce0 of 48 bytes failed: Only part of a ReadProcessMemory or WriteProcessMemory request was completed. (0x12B)
[0912/225712.809:ERROR:process_reader_win.cc(242)] ReadMemory at 0x7ffd3cb8f3c0 of 64 bytes failed: Only part of a ReadProcessMemory or WriteProcessMemory request was completed. (0x12B)
[0912/225712.811:ERROR:scoped_process_suspend.cc(40)] NtResumeProcess: An attempt was made to access an exiting process. (0xc000010a)
